Watching for file changes with StatReloader
[07/Apr/2026 23:49:53] "GET /api/roles/ HTTP/1.1" 200 75
[07/Apr/2026 23:49:53] "GET /api/companies/?city=Bengaluru HTTP/1.1" 200 7782
[07/Apr/2026 23:49:59] "GET /api/companies/?role=Backend&city=Bengaluru HTTP/1.1" 200 1539
[07/Apr/2026 23:50:39] "GET /api/companies/?role=Backend,Embedded&city=Bengaluru HTTP/1.1" 200 1900
[07/Apr/2026 23:50:57] "GET /api/companies/?role=Frontend&city=Bengaluru HTTP/1.1" 200 384
[07/Apr/2026 23:52:02] "GET /api/roles/ HTTP/1.1" 200 75
[07/Apr/2026 23:52:02] "GET /api/companies/?city=Bengaluru HTTP/1.1" 200 7782
[07/Apr/2026 23:55:29] "GET /api/roles/ HTTP/1.1" 200 75
[07/Apr/2026 23:55:29] "GET /api/companies/?city=Bengaluru HTTP/1.1" 200 7782
[07/Apr/2026 23:55:41] "GET /api/companies/?role=Backend&city=Bengaluru HTTP/1.1" 200 1539
[07/Apr/2026 23:55:57] "GET /api/roles/ HTTP/1.1" 200 75
[07/Apr/2026 23:55:57] "GET /api/companies/?city=Bengaluru HTTP/1.1" 200 7782
[07/Apr/2026 23:55:59] "GET /api/companies/?role=Backend&city=Bengaluru HTTP/1.1" 200 1539
[07/Apr/2026 23:57:38] "GET /api/roles/ HTTP/1.1" 200 75
[07/Apr/2026 23:57:38] "GET /api/companies/?city=Bengaluru HTTP/1.1" 200 7782
[08/Apr/2026 00:02:01] "GET /api/roles/ HTTP/1.1" 200 75
[08/Apr/2026 00:02:01] "GET /api/companies/?city=Bengaluru HTTP/1.1" 200 7782
[08/Apr/2026 00:02:04] "GET /api/companies/?role=Backend&city=Bengaluru HTTP/1.1" 200 1539
Performing system checks...

System check identified no issues (0 silenced).
April 07, 2026 - 23:49:08
Django version 5.1.4, using settings 'config.settings'
Starting development server at http://0.0.0.0:8000/
Quit the server with CONTROL-C.

